have_func: checking for random()... -------------------- yes

"gcc -o conftest -I/usr/local/google/home/agam/.rvm/rubies/ruby-2.0.0-p353/include/ruby-2.0.0/x86_64-linux -I/usr/local/google/home/agam/.rvm/rubies/ruby-2.0.0-p353/include/ruby-2.0.0/ruby/backward -I/usr/local/google/home/agam/.rvm/rubies/ruby-2.0.0-p353/include/ruby-2.0.0 -I.     -O3 -fno-fast-math -ggdb3 -Wall -Wextra -Wno-unused-parameter -Wno-parentheses -Wno-long-long -Wno-missing-field-initializers -Wunused-variable -Wpointer-arith -Wwrite-strings -Wdeclaration-after-statement -Wimplicit-function-declaration  -fPIC conftest.c  -L. -L/usr/local/google/home/agam/.rvm/rubies/ruby-2.0.0-p353/lib -Wl,-R/usr/local/google/home/agam/.rvm/rubies/ruby-2.0.0-p353/lib -L. -fstack-protector -rdynamic -Wl,-export-dynamic     '-Wl,-rpath,/../lib' -Wl,-R -Wl,/usr/local/google/home/agam/.rvm/rubies/ruby-2.0.0-p353/lib -L/usr/local/google/home/agam/.rvm/rubies/ruby-2.0.0-p353/lib -lruby  -lpthread -lrt -ldl -lcrypt -lm   -lc"
checked program was:
/* begin */
1: #include "ruby.h"
2: 
3: int main(int argc, char **argv)
4: {
5:   return 0;
6: }
/* end */

"gcc -o conftest -I/usr/local/google/home/agam/.rvm/rubies/ruby-2.0.0-p353/include/ruby-2.0.0/x86_64-linux -I/usr/local/google/home/agam/.rvm/rubies/ruby-2.0.0-p353/include/ruby-2.0.0/ruby/backward -I/usr/local/google/home/agam/.rvm/rubies/ruby-2.0.0-p353/include/ruby-2.0.0 -I.     -O3 -fno-fast-math -ggdb3 -Wall -Wextra -Wno-unused-parameter -Wno-parentheses -Wno-long-long -Wno-missing-field-initializers -Wunused-variable -Wpointer-arith -Wwrite-strings -Wdeclaration-after-statement -Wimplicit-function-declaration  -fPIC conftest.c  -L. -L/usr/local/google/home/agam/.rvm/rubies/ruby-2.0.0-p353/lib -Wl,-R/usr/local/google/home/agam/.rvm/rubies/ruby-2.0.0-p353/lib -L. -fstack-protector -rdynamic -Wl,-export-dynamic     '-Wl,-rpath,/../lib' -Wl,-R -Wl,/usr/local/google/home/agam/.rvm/rubies/ruby-2.0.0-p353/lib -L/usr/local/google/home/agam/.rvm/rubies/ruby-2.0.0-p353/lib -lruby  -lpthread -lrt -ldl -lcrypt -lm   -lc"
conftest.c: In function ‘t’:
conftest.c:5:32: warning: variable ‘p’ set but not used [-Wunused-but-set-variable]
checked program was:
/* begin */
 1: #include "ruby.h"
 2: 
 3: /*top*/
 4: extern int t(void);
 5: int t(void) { void ((*volatile p)()); p = (void ((*)()))random; return 0; }
 6: int main(int argc, char **argv)
 7: {
 8:   if (argc > 1000000) {
 9:     printf("%p", &t);
10:   }
11: 
12:   return 0;
13: }
/* end */

--------------------

have_func: checking for srandom()... -------------------- yes

"gcc -o conftest -I/usr/local/google/home/agam/.rvm/rubies/ruby-2.0.0-p353/include/ruby-2.0.0/x86_64-linux -I/usr/local/google/home/agam/.rvm/rubies/ruby-2.0.0-p353/include/ruby-2.0.0/ruby/backward -I/usr/local/google/home/agam/.rvm/rubies/ruby-2.0.0-p353/include/ruby-2.0.0 -I.     -O3 -fno-fast-math -ggdb3 -Wall -Wextra -Wno-unused-parameter -Wno-parentheses -Wno-long-long -Wno-missing-field-initializers -Wunused-variable -Wpointer-arith -Wwrite-strings -Wdeclaration-after-statement -Wimplicit-function-declaration  -fPIC conftest.c  -L. -L/usr/local/google/home/agam/.rvm/rubies/ruby-2.0.0-p353/lib -Wl,-R/usr/local/google/home/agam/.rvm/rubies/ruby-2.0.0-p353/lib -L. -fstack-protector -rdynamic -Wl,-export-dynamic     '-Wl,-rpath,/../lib' -Wl,-R -Wl,/usr/local/google/home/agam/.rvm/rubies/ruby-2.0.0-p353/lib -L/usr/local/google/home/agam/.rvm/rubies/ruby-2.0.0-p353/lib -lruby  -lpthread -lrt -ldl -lcrypt -lm   -lc"
conftest.c: In function ‘t’:
conftest.c:5:32: warning: variable ‘p’ set but not used [-Wunused-but-set-variable]
checked program was:
/* begin */
 1: #include "ruby.h"
 2: 
 3: /*top*/
 4: extern int t(void);
 5: int t(void) { void ((*volatile p)()); p = (void ((*)()))srandom; return 0; }
 6: int main(int argc, char **argv)
 7: {
 8:   if (argc > 1000000) {
 9:     printf("%p", &t);
10:   }
11: 
12:   return 0;
13: }
/* end */

--------------------

have_func: checking for rand()... -------------------- yes

"gcc -o conftest -I/usr/local/google/home/agam/.rvm/rubies/ruby-2.0.0-p353/include/ruby-2.0.0/x86_64-linux -I/usr/local/google/home/agam/.rvm/rubies/ruby-2.0.0-p353/include/ruby-2.0.0/ruby/backward -I/usr/local/google/home/agam/.rvm/rubies/ruby-2.0.0-p353/include/ruby-2.0.0 -I.     -O3 -fno-fast-math -ggdb3 -Wall -Wextra -Wno-unused-parameter -Wno-parentheses -Wno-long-long -Wno-missing-field-initializers -Wunused-variable -Wpointer-arith -Wwrite-strings -Wdeclaration-after-statement -Wimplicit-function-declaration  -fPIC conftest.c  -L. -L/usr/local/google/home/agam/.rvm/rubies/ruby-2.0.0-p353/lib -Wl,-R/usr/local/google/home/agam/.rvm/rubies/ruby-2.0.0-p353/lib -L. -fstack-protector -rdynamic -Wl,-export-dynamic     '-Wl,-rpath,/../lib' -Wl,-R -Wl,/usr/local/google/home/agam/.rvm/rubies/ruby-2.0.0-p353/lib -L/usr/local/google/home/agam/.rvm/rubies/ruby-2.0.0-p353/lib -lruby  -lpthread -lrt -ldl -lcrypt -lm   -lc"
conftest.c: In function ‘t’:
conftest.c:5:32: warning: variable ‘p’ set but not used [-Wunused-but-set-variable]
checked program was:
/* begin */
 1: #include "ruby.h"
 2: 
 3: /*top*/
 4: extern int t(void);
 5: int t(void) { void ((*volatile p)()); p = (void ((*)()))rand; return 0; }
 6: int main(int argc, char **argv)
 7: {
 8:   if (argc > 1000000) {
 9:     printf("%p", &t);
10:   }
11: 
12:   return 0;
13: }
/* end */

--------------------

have_func: checking for srand()... -------------------- yes

"gcc -o conftest -I/usr/local/google/home/agam/.rvm/rubies/ruby-2.0.0-p353/include/ruby-2.0.0/x86_64-linux -I/usr/local/google/home/agam/.rvm/rubies/ruby-2.0.0-p353/include/ruby-2.0.0/ruby/backward -I/usr/local/google/home/agam/.rvm/rubies/ruby-2.0.0-p353/include/ruby-2.0.0 -I.     -O3 -fno-fast-math -ggdb3 -Wall -Wextra -Wno-unused-parameter -Wno-parentheses -Wno-long-long -Wno-missing-field-initializers -Wunused-variable -Wpointer-arith -Wwrite-strings -Wdeclaration-after-statement -Wimplicit-function-declaration  -fPIC conftest.c  -L. -L/usr/local/google/home/agam/.rvm/rubies/ruby-2.0.0-p353/lib -Wl,-R/usr/local/google/home/agam/.rvm/rubies/ruby-2.0.0-p353/lib -L. -fstack-protector -rdynamic -Wl,-export-dynamic     '-Wl,-rpath,/../lib' -Wl,-R -Wl,/usr/local/google/home/agam/.rvm/rubies/ruby-2.0.0-p353/lib -L/usr/local/google/home/agam/.rvm/rubies/ruby-2.0.0-p353/lib -lruby  -lpthread -lrt -ldl -lcrypt -lm   -lc"
conftest.c: In function ‘t’:
conftest.c:5:32: warning: variable ‘p’ set but not used [-Wunused-but-set-variable]
checked program was:
/* begin */
 1: #include "ruby.h"
 2: 
 3: /*top*/
 4: extern int t(void);
 5: int t(void) { void ((*volatile p)()); p = (void ((*)()))srand; return 0; }
 6: int main(int argc, char **argv)
 7: {
 8:   if (argc > 1000000) {
 9:     printf("%p", &t);
10:   }
11: 
12:   return 0;
13: }
/* end */

--------------------

check_sizeof: checking size of unsigned long... -------------------- 8

"gcc -I/usr/local/google/home/agam/.rvm/rubies/ruby-2.0.0-p353/include/ruby-2.0.0/x86_64-linux -I/usr/local/google/home/agam/.rvm/rubies/ruby-2.0.0-p353/include/ruby-2.0.0/ruby/backward -I/usr/local/google/home/agam/.rvm/rubies/ruby-2.0.0-p353/include/ruby-2.0.0 -I.     -O3 -fno-fast-math -ggdb3 -Wall -Wextra -Wno-unused-parameter -Wno-parentheses -Wno-long-long -Wno-missing-field-initializers -Wunused-variable -Wpointer-arith -Wwrite-strings -Wdeclaration-after-statement -Wimplicit-function-declaration  -fPIC   -c conftest.c"
conftest.c:7:5: error: size of array ‘conftest_const’ is negative
checked program was:
/* begin */
1: #include "ruby.h"
2: 
3: typedef unsigned long rbcv_typedef_;
4: static rbcv_typedef_ *rbcv_ptr_;
5: 
6: /*top*/
7: int conftest_const[(sizeof((*rbcv_ptr_)) < 0) ? 1 : -1];
/* end */

"gcc -o conftest -I/usr/local/google/home/agam/.rvm/rubies/ruby-2.0.0-p353/include/ruby-2.0.0/x86_64-linux -I/usr/local/google/home/agam/.rvm/rubies/ruby-2.0.0-p353/include/ruby-2.0.0/ruby/backward -I/usr/local/google/home/agam/.rvm/rubies/ruby-2.0.0-p353/include/ruby-2.0.0 -I.     -O3 -fno-fast-math -ggdb3 -Wall -Wextra -Wno-unused-parameter -Wno-parentheses -Wno-long-long -Wno-missing-field-initializers -Wunused-variable -Wpointer-arith -Wwrite-strings -Wdeclaration-after-statement -Wimplicit-function-declaration  -fPIC conftest.c  -L. -L/usr/local/google/home/agam/.rvm/rubies/ruby-2.0.0-p353/lib -Wl,-R/usr/local/google/home/agam/.rvm/rubies/ruby-2.0.0-p353/lib -L. -fstack-protector -rdynamic -Wl,-export-dynamic     '-Wl,-rpath,/../lib' -Wl,-R -Wl,/usr/local/google/home/agam/.rvm/rubies/ruby-2.0.0-p353/lib -L/usr/local/google/home/agam/.rvm/rubies/ruby-2.0.0-p353/lib -lruby  -lpthread -lrt -ldl -lcrypt -lm   -lc"
checked program was:
/* begin */
 1: #include "ruby.h"
 2: 
 3: typedef unsigned long rbcv_typedef_;
 4: static rbcv_typedef_ *rbcv_ptr_;
 5: 
 6: #include <stdio.h>
 7: /*top*/
 8: typedef unsigned
 9: #ifdef PRI_LL_PREFIX
10: #define PRI_CONFTEST_PREFIX PRI_LL_PREFIX
11: LONG_LONG
12: #else
13: #define PRI_CONFTEST_PREFIX "l"
14: long
15: #endif
16: conftest_type;
17: conftest_type conftest_const = (conftest_type)(sizeof((*rbcv_ptr_)));
18: int main() {printf("%"PRI_CONFTEST_PREFIX"u\n", conftest_const); return 0;}
/* end */

./conftest |
--------------------

check_sizeof: checking size of unsigned int... -------------------- 4

"gcc -I/usr/local/google/home/agam/.rvm/rubies/ruby-2.0.0-p353/include/ruby-2.0.0/x86_64-linux -I/usr/local/google/home/agam/.rvm/rubies/ruby-2.0.0-p353/include/ruby-2.0.0/ruby/backward -I/usr/local/google/home/agam/.rvm/rubies/ruby-2.0.0-p353/include/ruby-2.0.0 -I.     -O3 -fno-fast-math -ggdb3 -Wall -Wextra -Wno-unused-parameter -Wno-parentheses -Wno-long-long -Wno-missing-field-initializers -Wunused-variable -Wpointer-arith -Wwrite-strings -Wdeclaration-after-statement -Wimplicit-function-declaration  -fPIC   -c conftest.c"
conftest.c:7:5: error: size of array ‘conftest_const’ is negative
checked program was:
/* begin */
1: #include "ruby.h"
2: 
3: typedef unsigned int rbcv_typedef_;
4: static rbcv_typedef_ *rbcv_ptr_;
5: 
6: /*top*/
7: int conftest_const[(sizeof((*rbcv_ptr_)) < 0) ? 1 : -1];
/* end */

"gcc -o conftest -I/usr/local/google/home/agam/.rvm/rubies/ruby-2.0.0-p353/include/ruby-2.0.0/x86_64-linux -I/usr/local/google/home/agam/.rvm/rubies/ruby-2.0.0-p353/include/ruby-2.0.0/ruby/backward -I/usr/local/google/home/agam/.rvm/rubies/ruby-2.0.0-p353/include/ruby-2.0.0 -I.     -O3 -fno-fast-math -ggdb3 -Wall -Wextra -Wno-unused-parameter -Wno-parentheses -Wno-long-long -Wno-missing-field-initializers -Wunused-variable -Wpointer-arith -Wwrite-strings -Wdeclaration-after-statement -Wimplicit-function-declaration  -fPIC conftest.c  -L. -L/usr/local/google/home/agam/.rvm/rubies/ruby-2.0.0-p353/lib -Wl,-R/usr/local/google/home/agam/.rvm/rubies/ruby-2.0.0-p353/lib -L. -fstack-protector -rdynamic -Wl,-export-dynamic     '-Wl,-rpath,/../lib' -Wl,-R -Wl,/usr/local/google/home/agam/.rvm/rubies/ruby-2.0.0-p353/lib -L/usr/local/google/home/agam/.rvm/rubies/ruby-2.0.0-p353/lib -lruby  -lpthread -lrt -ldl -lcrypt -lm   -lc"
checked program was:
/* begin */
 1: #include "ruby.h"
 2: 
 3: typedef unsigned int rbcv_typedef_;
 4: static rbcv_typedef_ *rbcv_ptr_;
 5: 
 6: #include <stdio.h>
 7: /*top*/
 8: typedef unsigned
 9: #ifdef PRI_LL_PREFIX
10: #define PRI_CONFTEST_PREFIX PRI_LL_PREFIX
11: LONG_LONG
12: #else
13: #define PRI_CONFTEST_PREFIX "l"
14: long
15: #endif
16: conftest_type;
17: conftest_type conftest_const = (conftest_type)(sizeof((*rbcv_ptr_)));
18: int main() {printf("%"PRI_CONFTEST_PREFIX"u\n", conftest_const); return 0;}
/* end */

./conftest |
--------------------

check_sizeof: checking size of unsigned int... -------------------- 4

"gcc -I/usr/local/google/home/agam/.rvm/rubies/ruby-2.0.0-p353/include/ruby-2.0.0/x86_64-linux -I/usr/local/google/home/agam/.rvm/rubies/ruby-2.0.0-p353/include/ruby-2.0.0/ruby/backward -I/usr/local/google/home/agam/.rvm/rubies/ruby-2.0.0-p353/include/ruby-2.0.0 -I.     -O3 -fno-fast-math -ggdb3 -Wall -Wextra -Wno-unused-parameter -Wno-parentheses -Wno-long-long -Wno-missing-field-initializers -Wunused-variable -Wpointer-arith -Wwrite-strings -Wdeclaration-after-statement -Wimplicit-function-declaration  -fPIC   -c conftest.c"
conftest.c:7:5: error: size of array ‘conftest_const’ is negative
checked program was:
/* begin */
1: #include "ruby.h"
2: 
3: typedef unsigned int rbcv_typedef_;
4: static rbcv_typedef_ *rbcv_ptr_;
5: 
6: /*top*/
7: int conftest_const[(sizeof((*rbcv_ptr_)) < 0) ? 1 : -1];
/* end */

"gcc -o conftest -I/usr/local/google/home/agam/.rvm/rubies/ruby-2.0.0-p353/include/ruby-2.0.0/x86_64-linux -I/usr/local/google/home/agam/.rvm/rubies/ruby-2.0.0-p353/include/ruby-2.0.0/ruby/backward -I/usr/local/google/home/agam/.rvm/rubies/ruby-2.0.0-p353/include/ruby-2.0.0 -I.     -O3 -fno-fast-math -ggdb3 -Wall -Wextra -Wno-unused-parameter -Wno-parentheses -Wno-long-long -Wno-missing-field-initializers -Wunused-variable -Wpointer-arith -Wwrite-strings -Wdeclaration-after-statement -Wimplicit-function-declaration  -fPIC conftest.c  -L. -L/usr/local/google/home/agam/.rvm/rubies/ruby-2.0.0-p353/lib -Wl,-R/usr/local/google/home/agam/.rvm/rubies/ruby-2.0.0-p353/lib -L. -fstack-protector -rdynamic -Wl,-export-dynamic     '-Wl,-rpath,/../lib' -Wl,-R -Wl,/usr/local/google/home/agam/.rvm/rubies/ruby-2.0.0-p353/lib -L/usr/local/google/home/agam/.rvm/rubies/ruby-2.0.0-p353/lib -lruby  -lpthread -lrt -ldl -lcrypt -lm   -lc"
checked program was:
/* begin */
 1: #include "ruby.h"
 2: 
 3: typedef unsigned int rbcv_typedef_;
 4: static rbcv_typedef_ *rbcv_ptr_;
 5: 
 6: #include <stdio.h>
 7: /*top*/
 8: typedef unsigned
 9: #ifdef PRI_LL_PREFIX
10: #define PRI_CONFTEST_PREFIX PRI_LL_PREFIX
11: LONG_LONG
12: #else
13: #define PRI_CONFTEST_PREFIX "l"
14: long
15: #endif
16: conftest_type;
17: conftest_type conftest_const = (conftest_type)(sizeof((*rbcv_ptr_)));
18: int main() {printf("%"PRI_CONFTEST_PREFIX"u\n", conftest_const); return 0;}
/* end */

./conftest |
--------------------

